Copyright 1986-2022 Xilinx, Inc. All Rights Reserved. Copyright 2022-2024 Advanced Micro Devices, Inc. All Rights Reserved.
---------------------------------------------------------------------------------------------------------------------------------------------
| Tool Version : Vivado v.2024.1 (lin64) Build 5076996 Wed May 22 18:36:09 MDT 2024
| Date         : Fri Nov 29 18:28:25 2024
| Host         : jayakrishnan-avionics running 64-bit Ubuntu 22.04.5 LTS
| Command      : report_control_sets -verbose -file zynq7000_preset_wrapper_control_sets_placed.rpt
| Design       : zynq7000_preset_wrapper
| Device       : xc7z020
---------------------------------------------------------------------------------------------------------------------------------------------

Control Set Information

Table of Contents
-----------------
1. Summary
2. Histogram
3. Flip-Flop Distribution
4. Detailed Control Set Information

1. Summary
----------

+----------------------------------------------------------+-------+
|                          Status                          | Count |
+----------------------------------------------------------+-------+
| Total control sets                                       |   111 |
|    Minimum number of control sets                        |   111 |
|    Addition due to synthesis replication                 |     0 |
|    Addition due to physical synthesis replication        |     0 |
| Unused register locations in slices containing registers |   325 |
+----------------------------------------------------------+-------+
* Control sets can be merged at opt_design using control_set_merge or merge_equivalent_drivers
** Run report_qor_suggestions for automated merging and remapping suggestions


2. Histogram
------------

+--------------------+-------+
|       Fanout       | Count |
+--------------------+-------+
| Total control sets |   111 |
| >= 0 to < 4        |     2 |
| >= 4 to < 6        |    37 |
| >= 6 to < 8        |     3 |
| >= 8 to < 10       |     4 |
| >= 10 to < 12      |     3 |
| >= 12 to < 14      |    16 |
| >= 14 to < 16      |    21 |
| >= 16              |    25 |
+--------------------+-------+
* Control sets can be remapped at either synth_design or opt_design


3. Flip-Flop Distribution
-------------------------

+--------------+-----------------------+------------------------+-----------------+--------------+
| Clock Enable | Synchronous Set/Reset | Asynchronous Set/Reset | Total Registers | Total Slices |
+--------------+-----------------------+------------------------+-----------------+--------------+
| No           | No                    | No                     |             168 |           64 |
| No           | No                    | Yes                    |               0 |            0 |
| No           | Yes                   | No                     |             127 |           67 |
| Yes          | No                    | No                     |             694 |          189 |
| Yes          | No                    | Yes                    |               0 |            0 |
| Yes          | Yes                   | No                     |             630 |          178 |
+--------------+-----------------------+------------------------+-----------------+--------------+


4. Detailed Control Set Information
-----------------------------------

+--------------------------------------------------------+-----------------------------------------------------------------------------------------------------------------------------------------------------------------------------------------------+--------------------------------------------------------------------------------------------------------------------------------------------------------------+------------------+----------------+--------------+
|                      Clock Signal                      |                                                                                         Enable Signal                                                                                         |                                                                       Set/Reset Signal                                                                       | Slice Load Count | Bel Load Count | Bels / Slice |
+--------------------------------------------------------+-----------------------------------------------------------------------------------------------------------------------------------------------------------------------------------------------+--------------------------------------------------------------------------------------------------------------------------------------------------------------+------------------+----------------+--------------+
|  zynq7000_preset_i/processing_system7_0/inst/FCLK_CLK0 | zynq7000_preset_i/ps7_0_axi_periph/xbar/inst/gen_samd.crossbar_samd/gen_slave_slots[0].gen_si_write.wdata_router_w/wrouter_aw_fifo/gen_srls[0].gen_rep[1].srl_nx1/push                        |                                                                                                                                                              |                1 |              2 |         2.00 |
|  zynq7000_preset_i/processing_system7_0/inst/FCLK_CLK0 | zynq7000_preset_i/ps7_0_axi_periph/m00_couplers/auto_pc/inst/gen_axilite.gen_b2s_conv.axilite_b2s/WR.b_channel_0/bid_fifo_0/bresp_push                                                        |                                                                                                                                                              |                1 |              2 |         2.00 |
|  zynq7000_preset_i/processing_system7_0/inst/FCLK_CLK0 | zynq7000_preset_i/ps7_0_axi_periph/xbar/inst/gen_samd.crossbar_samd/gen_slave_slots[0].gen_si_read.si_transactor_ar/gen_multi_thread.arbiter_resp_inst/s_axi_rready[0]_1[0]                   | zynq7000_preset_i/ps7_0_axi_periph/xbar/inst/gen_samd.crossbar_samd/gen_slave_slots[0].gen_si_read.si_transactor_ar/gen_multi_thread.arbiter_resp_inst/SR[0] |                1 |              4 |         4.00 |
|  zynq7000_preset_i/processing_system7_0/inst/FCLK_CLK0 | zynq7000_preset_i/ps7_0_axi_periph/xbar/inst/gen_samd.crossbar_samd/gen_slave_slots[0].gen_si_read.si_transactor_ar/gen_multi_thread.arbiter_resp_inst/s_axi_rready[0]_5[0]                   | zynq7000_preset_i/ps7_0_axi_periph/xbar/inst/gen_samd.crossbar_samd/gen_slave_slots[0].gen_si_read.si_transactor_ar/gen_multi_thread.arbiter_resp_inst/SR[0] |                2 |              4 |         2.00 |
|  zynq7000_preset_i/processing_system7_0/inst/FCLK_CLK0 | zynq7000_preset_i/ps7_0_axi_periph/xbar/inst/gen_samd.crossbar_samd/gen_slave_slots[0].gen_si_read.si_transactor_ar/gen_multi_thread.arbiter_resp_inst/s_axi_rready[0]_2[0]                   | zynq7000_preset_i/ps7_0_axi_periph/xbar/inst/gen_samd.crossbar_samd/gen_slave_slots[0].gen_si_read.si_transactor_ar/gen_multi_thread.arbiter_resp_inst/SR[0] |                1 |              4 |         4.00 |
|  zynq7000_preset_i/processing_system7_0/inst/FCLK_CLK0 | zynq7000_preset_i/ps7_0_axi_periph/xbar/inst/gen_samd.crossbar_samd/gen_slave_slots[0].gen_si_read.si_transactor_ar/gen_multi_thread.arbiter_resp_inst/s_axi_rready[0][0]                     | zynq7000_preset_i/ps7_0_axi_periph/xbar/inst/gen_samd.crossbar_samd/gen_slave_slots[0].gen_si_read.si_transactor_ar/gen_multi_thread.arbiter_resp_inst/SR[0] |                1 |              4 |         4.00 |
|  zynq7000_preset_i/processing_system7_0/inst/FCLK_CLK0 | zynq7000_preset_i/ps7_0_axi_periph/xbar/inst/gen_samd.crossbar_samd/gen_master_slots[1].reg_slice_mi/r.r_pipe/gen_master_slots[1].r_issuing_cnt_reg[8][0]                                     | zynq7000_preset_i/ps7_0_axi_periph/xbar/inst/gen_samd.crossbar_samd/gen_slave_slots[0].gen_si_read.si_transactor_ar/gen_multi_thread.arbiter_resp_inst/SR[0] |                2 |              4 |         2.00 |
|  zynq7000_preset_i/processing_system7_0/inst/FCLK_CLK0 | zynq7000_preset_i/ps7_0_axi_periph/xbar/inst/gen_samd.crossbar_samd/gen_slave_slots[0].gen_si_write.wdata_router_w/wrouter_aw_fifo/m_valid_i                                                  | zynq7000_preset_i/ps7_0_axi_periph/xbar/inst/gen_samd.crossbar_samd/gen_slave_slots[0].gen_si_write.wdata_router_w/wrouter_aw_fifo/areset_d1                 |                1 |              4 |         4.00 |
|  zynq7000_preset_i/processing_system7_0/inst/FCLK_CLK0 | zynq7000_preset_i/ps7_0_axi_periph/xbar/inst/gen_samd.crossbar_samd/gen_slave_slots[0].gen_si_write.si_transactor_aw/gen_multi_thread.arbiter_resp_inst/gen_multi_thread.accept_cnt_reg[1][0] | zynq7000_preset_i/ps7_0_axi_periph/xbar/inst/gen_samd.crossbar_samd/gen_slave_slots[0].gen_si_read.si_transactor_ar/gen_multi_thread.arbiter_resp_inst/SR[0] |                1 |              4 |         4.00 |
|  zynq7000_preset_i/processing_system7_0/inst/FCLK_CLK0 | zynq7000_preset_i/ps7_0_axi_periph/xbar/inst/gen_samd.crossbar_samd/gen_slave_slots[0].gen_si_write.si_transactor_aw/gen_multi_thread.arbiter_resp_inst/s_axi_bready[0]_2[0]                  | zynq7000_preset_i/ps7_0_axi_periph/xbar/inst/gen_samd.crossbar_samd/gen_slave_slots[0].gen_si_read.si_transactor_ar/gen_multi_thread.arbiter_resp_inst/SR[0] |                1 |              4 |         4.00 |
|  zynq7000_preset_i/processing_system7_0/inst/FCLK_CLK0 | zynq7000_preset_i/ps7_0_axi_periph/xbar/inst/gen_samd.crossbar_samd/gen_slave_slots[0].gen_si_read.si_transactor_ar/gen_multi_thread.arbiter_resp_inst/s_axi_rready[0]_3[0]                   | zynq7000_preset_i/ps7_0_axi_periph/xbar/inst/gen_samd.crossbar_samd/gen_slave_slots[0].gen_si_read.si_transactor_ar/gen_multi_thread.arbiter_resp_inst/SR[0] |                1 |              4 |         4.00 |
|  zynq7000_preset_i/processing_system7_0/inst/FCLK_CLK0 | zynq7000_preset_i/ps7_0_axi_periph/xbar/inst/gen_samd.crossbar_samd/gen_slave_slots[0].gen_si_read.si_transactor_ar/gen_multi_thread.arbiter_resp_inst/s_axi_rready[0]_0[0]                   | zynq7000_preset_i/ps7_0_axi_periph/xbar/inst/gen_samd.crossbar_samd/gen_slave_slots[0].gen_si_read.si_transactor_ar/gen_multi_thread.arbiter_resp_inst/SR[0] |                1 |              4 |         4.00 |
|  zynq7000_preset_i/processing_system7_0/inst/FCLK_CLK0 | zynq7000_preset_i/axi_bram_ctrl_0/U0/gext_inst.abcv4_0_ext_inst/GEN_AXI4.I_FULL_AXI/I_WR_CHNL/BID_FIFO/bid_fifo_not_empty                                                                     | zynq7000_preset_i/axi_bram_ctrl_0/U0/gext_inst.abcv4_0_ext_inst/GEN_AXI4.I_FULL_AXI/I_RD_CHNL/GEN_NO_RD_CMD_OPT.I_WRAP_BRST/SR[0]                            |                1 |              4 |         4.00 |
|  zynq7000_preset_i/processing_system7_0/inst/FCLK_CLK0 | zynq7000_preset_i/ps7_0_axi_periph/xbar/inst/gen_samd.crossbar_samd/gen_slave_slots[0].gen_si_write.si_transactor_aw/gen_multi_thread.arbiter_resp_inst/s_axi_bready[0]_0[0]                  | zynq7000_preset_i/ps7_0_axi_periph/xbar/inst/gen_samd.crossbar_samd/gen_slave_slots[0].gen_si_read.si_transactor_ar/gen_multi_thread.arbiter_resp_inst/SR[0] |                1 |              4 |         4.00 |
|  zynq7000_preset_i/processing_system7_0/inst/FCLK_CLK0 | zynq7000_preset_i/ps7_0_axi_periph/xbar/inst/gen_samd.crossbar_samd/gen_slave_slots[0].gen_si_write.si_transactor_aw/gen_multi_thread.arbiter_resp_inst/s_axi_bready[0]_4[0]                  | zynq7000_preset_i/ps7_0_axi_periph/xbar/inst/gen_samd.crossbar_samd/gen_slave_slots[0].gen_si_read.si_transactor_ar/gen_multi_thread.arbiter_resp_inst/SR[0] |                2 |              4 |         2.00 |
|  zynq7000_preset_i/processing_system7_0/inst/FCLK_CLK0 | zynq7000_preset_i/ps7_0_axi_periph/xbar/inst/gen_samd.crossbar_samd/gen_slave_slots[0].gen_si_write.si_transactor_aw/gen_multi_thread.arbiter_resp_inst/s_axi_bready[0]_3[0]                  | zynq7000_preset_i/ps7_0_axi_periph/xbar/inst/gen_samd.crossbar_samd/gen_slave_slots[0].gen_si_read.si_transactor_ar/gen_multi_thread.arbiter_resp_inst/SR[0] |                2 |              4 |         2.00 |
|  zynq7000_preset_i/processing_system7_0/inst/FCLK_CLK0 | zynq7000_preset_i/ps7_0_axi_periph/xbar/inst/gen_samd.crossbar_samd/gen_slave_slots[0].gen_si_read.si_transactor_ar/gen_multi_thread.arbiter_resp_inst/gen_multi_thread.accept_cnt_reg[1][0]  | zynq7000_preset_i/ps7_0_axi_periph/xbar/inst/gen_samd.crossbar_samd/gen_slave_slots[0].gen_si_read.si_transactor_ar/gen_multi_thread.arbiter_resp_inst/SR[0] |                2 |              4 |         2.00 |
|  zynq7000_preset_i/processing_system7_0/inst/FCLK_CLK0 | zynq7000_preset_i/axi_bram_ctrl_0/U0/gext_inst.abcv4_0_ext_inst/GEN_AXI4.I_FULL_AXI/I_RD_CHNL/FSM_sequential_GEN_NO_RD_CMD_OPT.rd_data_sm_cs[3]_i_1_n_0                                       | zynq7000_preset_i/axi_bram_ctrl_0/U0/gext_inst.abcv4_0_ext_inst/GEN_AXI4.I_FULL_AXI/I_RD_CHNL/GEN_NO_RD_CMD_OPT.I_WRAP_BRST/SR[0]                            |                2 |              4 |         2.00 |
|  zynq7000_preset_i/processing_system7_0/inst/FCLK_CLK0 | zynq7000_preset_i/ps7_0_axi_periph/xbar/inst/gen_samd.crossbar_samd/gen_master_slots[0].reg_slice_mi/r.r_pipe/E[0]                                                                            | zynq7000_preset_i/ps7_0_axi_periph/xbar/inst/gen_samd.crossbar_samd/gen_slave_slots[0].gen_si_read.si_transactor_ar/gen_multi_thread.arbiter_resp_inst/SR[0] |                2 |              4 |         2.00 |
|  zynq7000_preset_i/processing_system7_0/inst/FCLK_CLK0 | zynq7000_preset_i/ps7_0_axi_periph/xbar/inst/gen_samd.crossbar_samd/gen_slave_slots[0].gen_si_read.si_transactor_ar/gen_multi_thread.arbiter_resp_inst/E[0]                                   | zynq7000_preset_i/ps7_0_axi_periph/xbar/inst/gen_samd.crossbar_samd/gen_slave_slots[0].gen_si_read.si_transactor_ar/gen_multi_thread.arbiter_resp_inst/SR[0] |                1 |              4 |         4.00 |
|  zynq7000_preset_i/processing_system7_0/inst/FCLK_CLK0 |                                                                                                                                                                                               | zynq7000_preset_i/axi_gpio_0/U0/gpio_core_1/Read_Reg_Rst__0                                                                                                  |                1 |              4 |         4.00 |
|  zynq7000_preset_i/processing_system7_0/inst/FCLK_CLK0 |                                                                                                                                                                                               | zynq7000_preset_i/rst_ps7_0_50M/U0/EXT_LPF/lpf_int                                                                                                           |                1 |              4 |         4.00 |
|  zynq7000_preset_i/processing_system7_0/inst/FCLK_CLK0 |                                                                                                                                                                                               | zynq7000_preset_i/axi_bram_ctrl_0/U0/gext_inst.abcv4_0_ext_inst/GEN_AXI4.I_FULL_AXI/I_WR_CHNL/GEN_AWREADY.axi_aresetn_d3_reg_0                               |                3 |              4 |         1.33 |
|  zynq7000_preset_i/processing_system7_0/inst/FCLK_CLK0 |                                                                                                                                                                                               | zynq7000_preset_i/ps7_0_axi_periph/m00_couplers/auto_pc/inst/gen_axilite.gen_b2s_conv.axilite_b2s/SI_REG/aw.aw_pipe/aresetn_d_reg[0]_0                       |                3 |              4 |         1.33 |
|  zynq7000_preset_i/processing_system7_0/inst/FCLK_CLK0 |                                                                                                                                                                                               | zynq7000_preset_i/ps7_0_axi_periph/m00_couplers/auto_pc/inst/gen_axilite.gen_b2s_conv.axilite_b2s/SI_REG/aw.aw_pipe/aresetn_d_reg[1]_inv_0                   |                3 |              4 |         1.33 |
|  zynq7000_preset_i/processing_system7_0/inst/FCLK_CLK0 | zynq7000_preset_i/ps7_0_axi_periph/xbar/inst/gen_samd.crossbar_samd/gen_slave_slots[0].gen_si_write.si_transactor_aw/gen_multi_thread.arbiter_resp_inst/s_axi_bready[0]_5[0]                  | zynq7000_preset_i/ps7_0_axi_periph/xbar/inst/gen_samd.crossbar_samd/gen_slave_slots[0].gen_si_read.si_transactor_ar/gen_multi_thread.arbiter_resp_inst/SR[0] |                1 |              4 |         4.00 |
|  zynq7000_preset_i/processing_system7_0/inst/FCLK_CLK0 | zynq7000_preset_i/ps7_0_axi_periph/xbar/inst/gen_samd.crossbar_samd/gen_slave_slots[0].gen_si_write.si_transactor_aw/gen_multi_thread.arbiter_resp_inst/s_axi_bready[0]_6[0]                  | zynq7000_preset_i/ps7_0_axi_periph/xbar/inst/gen_samd.crossbar_samd/gen_slave_slots[0].gen_si_read.si_transactor_ar/gen_multi_thread.arbiter_resp_inst/SR[0] |                1 |              4 |         4.00 |
|  zynq7000_preset_i/processing_system7_0/inst/FCLK_CLK0 | zynq7000_preset_i/ps7_0_axi_periph/xbar/inst/gen_samd.crossbar_samd/gen_slave_slots[0].gen_si_write.si_transactor_aw/gen_multi_thread.arbiter_resp_inst/s_axi_bready[0][0]                    | zynq7000_preset_i/ps7_0_axi_periph/xbar/inst/gen_samd.crossbar_samd/gen_slave_slots[0].gen_si_read.si_transactor_ar/gen_multi_thread.arbiter_resp_inst/SR[0] |                1 |              4 |         4.00 |
|  zynq7000_preset_i/processing_system7_0/inst/FCLK_CLK0 | zynq7000_preset_i/axi_gpio_0/U0/AXI_LITE_IPIF_I/I_SLAVE_ATTACHMENT/bus2ip_addr_i[8]_i_1_n_0                                                                                                   | zynq7000_preset_i/axi_gpio_0/U0/AXI_LITE_IPIF_I/I_SLAVE_ATTACHMENT/SR[0]                                                                                     |                1 |              4 |         4.00 |
|  zynq7000_preset_i/processing_system7_0/inst/FCLK_CLK0 | zynq7000_preset_i/ps7_0_axi_periph/xbar/inst/gen_samd.crossbar_samd/gen_slave_slots[0].gen_si_write.si_transactor_aw/gen_multi_thread.arbiter_resp_inst/s_axi_bready[0]_1[0]                  | zynq7000_preset_i/ps7_0_axi_periph/xbar/inst/gen_samd.crossbar_samd/gen_slave_slots[0].gen_si_read.si_transactor_ar/gen_multi_thread.arbiter_resp_inst/SR[0] |                1 |              4 |         4.00 |
|  zynq7000_preset_i/processing_system7_0/inst/FCLK_CLK0 |                                                                                                                                                                                               | zynq7000_preset_i/axi_gpio_0/U0/AXI_LITE_IPIF_I/I_SLAVE_ATTACHMENT/clear                                                                                     |                1 |              4 |         4.00 |
|  zynq7000_preset_i/processing_system7_0/inst/FCLK_CLK0 | zynq7000_preset_i/ps7_0_axi_periph/xbar/inst/gen_samd.crossbar_samd/addr_arbiter_aw/E[0]                                                                                                      | zynq7000_preset_i/ps7_0_axi_periph/xbar/inst/gen_samd.crossbar_samd/gen_slave_slots[0].gen_si_read.si_transactor_ar/gen_multi_thread.arbiter_resp_inst/SR[0] |                2 |              4 |         2.00 |
|  zynq7000_preset_i/processing_system7_0/inst/FCLK_CLK0 | zynq7000_preset_i/axi_gpio_0/U0/AXI_LITE_IPIF_I/I_SLAVE_ATTACHMENT/start2                                                                                                                     | zynq7000_preset_i/axi_gpio_0/U0/AXI_LITE_IPIF_I/I_SLAVE_ATTACHMENT/I_DECODER/cs_ce_clr                                                                       |                1 |              4 |         4.00 |
|  zynq7000_preset_i/processing_system7_0/inst/FCLK_CLK0 | zynq7000_preset_i/ps7_0_axi_periph/xbar/inst/gen_samd.crossbar_samd/addr_arbiter_aw/gen_master_slots[1].w_issuing_cnt_reg[8][0]                                                               | zynq7000_preset_i/ps7_0_axi_periph/xbar/inst/gen_samd.crossbar_samd/gen_slave_slots[0].gen_si_read.si_transactor_ar/gen_multi_thread.arbiter_resp_inst/SR[0] |                2 |              4 |         2.00 |
|  zynq7000_preset_i/processing_system7_0/inst/FCLK_CLK0 | zynq7000_preset_i/axi_bram_ctrl_0/U0/gext_inst.abcv4_0_ext_inst/GEN_AXI4.I_FULL_AXI/I_WR_CHNL/wrdata_reg_ld                                                                                   | zynq7000_preset_i/axi_bram_ctrl_0/U0/gext_inst.abcv4_0_ext_inst/GEN_AXI4.I_FULL_AXI/I_WR_CHNL/GEN_WR_NO_ECC.bram_we_int[3]_i_1_n_0                           |                1 |              4 |         4.00 |
|  zynq7000_preset_i/processing_system7_0/inst/FCLK_CLK0 | zynq7000_preset_i/ps7_0_axi_periph/xbar/inst/gen_samd.crossbar_samd/gen_slave_slots[0].gen_si_read.si_transactor_ar/gen_multi_thread.arbiter_resp_inst/s_axi_rready[0]_4[0]                   | zynq7000_preset_i/ps7_0_axi_periph/xbar/inst/gen_samd.crossbar_samd/gen_slave_slots[0].gen_si_read.si_transactor_ar/gen_multi_thread.arbiter_resp_inst/SR[0] |                2 |              4 |         2.00 |
|  zynq7000_preset_i/processing_system7_0/inst/FCLK_CLK0 | zynq7000_preset_i/ps7_0_axi_periph/m00_couplers/auto_pc/inst/gen_axilite.gen_b2s_conv.axilite_b2s/RD.r_channel_0/transaction_fifo_0/cnt_read[4]_i_1__0_n_0                                    | zynq7000_preset_i/ps7_0_axi_periph/m00_couplers/auto_pc/inst/gen_axilite.gen_b2s_conv.axilite_b2s/areset_d1                                                  |                1 |              5 |         5.00 |
|  zynq7000_preset_i/processing_system7_0/inst/FCLK_CLK0 | zynq7000_preset_i/ps7_0_axi_periph/m00_couplers/auto_pc/inst/gen_axilite.gen_b2s_conv.axilite_b2s/RD.r_channel_0/transaction_fifo_0/E[0]                                                      | zynq7000_preset_i/ps7_0_axi_periph/m00_couplers/auto_pc/inst/gen_axilite.gen_b2s_conv.axilite_b2s/areset_d1                                                  |                2 |              5 |         2.50 |
|  zynq7000_preset_i/processing_system7_0/inst/FCLK_CLK0 | zynq7000_preset_i/axi_gpio_0/U0/AXI_LITE_IPIF_I/I_SLAVE_ATTACHMENT/s_axi_rresp_i                                                                                                              | zynq7000_preset_i/axi_gpio_0/U0/AXI_LITE_IPIF_I/I_SLAVE_ATTACHMENT/SR[0]                                                                                     |                1 |              5 |         5.00 |
|  zynq7000_preset_i/processing_system7_0/inst/FCLK_CLK0 |                                                                                                                                                                                               | zynq7000_preset_i/ps7_0_axi_periph/xbar/inst/gen_samd.crossbar_samd/gen_master_slots[1].reg_slice_mi/b.b_pipe/p_0_in                                         |                4 |              6 |         1.50 |
|  zynq7000_preset_i/processing_system7_0/inst/FCLK_CLK0 |                                                                                                                                                                                               | zynq7000_preset_i/ps7_0_axi_periph/xbar/inst/gen_samd.crossbar_samd/gen_master_slots[1].reg_slice_mi/b.b_pipe/p_1_in                                         |                4 |              6 |         1.50 |
|  zynq7000_preset_i/processing_system7_0/inst/FCLK_CLK0 | zynq7000_preset_i/rst_ps7_0_50M/U0/SEQ/seq_cnt_en                                                                                                                                             | zynq7000_preset_i/rst_ps7_0_50M/U0/SEQ/SEQ_COUNTER/clear                                                                                                     |                1 |              6 |         6.00 |
|  zynq7000_preset_i/processing_system7_0/inst/FCLK_CLK0 | zynq7000_preset_i/ps7_0_axi_periph/xbar/inst/gen_samd.crossbar_samd/gen_decerr_slave.decerr_slave_inst/gen_axi.read_cnt[7]_i_1_n_0                                                            | zynq7000_preset_i/ps7_0_axi_periph/xbar/inst/gen_samd.crossbar_samd/gen_slave_slots[0].gen_si_read.si_transactor_ar/gen_multi_thread.arbiter_resp_inst/SR[0] |                2 |              8 |         4.00 |
|  zynq7000_preset_i/processing_system7_0/inst/FCLK_CLK0 | zynq7000_preset_i/axi_gpio_0/U0/AXI_LITE_IPIF_I/I_SLAVE_ATTACHMENT/I_DECODER/E[0]                                                                                                             | zynq7000_preset_i/axi_gpio_0/U0/AXI_LITE_IPIF_I/I_SLAVE_ATTACHMENT/SR[0]                                                                                     |                1 |              8 |         8.00 |
|  zynq7000_preset_i/processing_system7_0/inst/FCLK_CLK0 | zynq7000_preset_i/axi_bram_ctrl_0/U0/gext_inst.abcv4_0_ext_inst/GEN_AXI4.I_FULL_AXI/I_RD_CHNL/GEN_NO_RD_CMD_OPT.brst_cnt[7]_i_1_n_0                                                           | zynq7000_preset_i/axi_bram_ctrl_0/U0/gext_inst.abcv4_0_ext_inst/GEN_AXI4.I_FULL_AXI/I_RD_CHNL/GEN_NO_RD_CMD_OPT.I_WRAP_BRST/SR[0]                            |                4 |              8 |         2.00 |
|  zynq7000_preset_i/processing_system7_0/inst/FCLK_CLK0 | zynq7000_preset_i/ps7_0_axi_periph/m00_couplers/auto_pc/inst/gen_axilite.gen_b2s_conv.axilite_b2s/WR.b_channel_0/mhandshake_r                                                                 | zynq7000_preset_i/ps7_0_axi_periph/m00_couplers/auto_pc/inst/gen_axilite.gen_b2s_conv.axilite_b2s/WR.b_channel_0/bid_fifo_0/SR[0]                            |                3 |              8 |         2.67 |
|  zynq7000_preset_i/processing_system7_0/inst/FCLK_CLK0 |                                                                                                                                                                                               | zynq7000_preset_i/ps7_0_axi_periph/m00_couplers/auto_pc/inst/gen_axilite.gen_b2s_conv.axilite_b2s/areset_d1                                                  |                5 |             10 |         2.00 |
|  zynq7000_preset_i/processing_system7_0/inst/FCLK_CLK0 | zynq7000_preset_i/axi_bram_ctrl_0/U0/gext_inst.abcv4_0_ext_inst/GEN_AXI4.I_FULL_AXI/I_WR_CHNL/I_WRAP_BRST/E[0]                                                                                | zynq7000_preset_i/axi_bram_ctrl_0/U0/gext_inst.abcv4_0_ext_inst/GEN_AXI4.I_FULL_AXI/I_WR_CHNL/I_WRAP_BRST/s_axi_aresetn_0                                    |                4 |             10 |         2.50 |
|  zynq7000_preset_i/processing_system7_0/inst/FCLK_CLK0 | zynq7000_preset_i/axi_bram_ctrl_0/U0/gext_inst.abcv4_0_ext_inst/GEN_AXI4.I_FULL_AXI/I_RD_CHNL/GEN_NO_RD_CMD_OPT.I_WRAP_BRST/E[0]                                                              |                                                                                                                                                              |                4 |             10 |         2.50 |
|  zynq7000_preset_i/processing_system7_0/inst/FCLK_CLK0 | zynq7000_preset_i/ps7_0_axi_periph/m00_couplers/auto_pc/inst/gen_axilite.gen_b2s_conv.axilite_b2s/WR.aw_channel_0/cmd_translator_0/incr_cmd_0/axaddr_incr[11]_i_1_n_0                         |                                                                                                                                                              |                2 |             12 |         6.00 |
|  zynq7000_preset_i/processing_system7_0/inst/FCLK_CLK0 | zynq7000_preset_i/ps7_0_axi_periph/m00_couplers/auto_pc/inst/gen_axilite.gen_b2s_conv.axilite_b2s/WR.aw_channel_0/aw_cmd_fsm_0/E[0]                                                           |                                                                                                                                                              |                5 |             12 |         2.40 |
|  zynq7000_preset_i/processing_system7_0/inst/FCLK_CLK0 | zynq7000_preset_i/ps7_0_axi_periph/xbar/inst/gen_samd.crossbar_samd/gen_master_slots[2].reg_slice_mi/b.b_pipe/E[0]                                                                            |                                                                                                                                                              |                4 |             12 |         3.00 |
|  zynq7000_preset_i/processing_system7_0/inst/FCLK_CLK0 | zynq7000_preset_i/axi_bram_ctrl_0/U0/gext_inst.abcv4_0_ext_inst/GEN_AXI4.I_FULL_AXI/I_WR_CHNL/BID_FIFO/E[0]                                                                                   | zynq7000_preset_i/axi_bram_ctrl_0/U0/gext_inst.abcv4_0_ext_inst/GEN_AXI4.I_FULL_AXI/I_RD_CHNL/GEN_NO_RD_CMD_OPT.I_WRAP_BRST/SR[0]                            |                4 |             12 |         3.00 |
|  zynq7000_preset_i/processing_system7_0/inst/FCLK_CLK0 | zynq7000_preset_i/axi_bram_ctrl_0/U0/gext_inst.abcv4_0_ext_inst/GEN_AXI4.I_FULL_AXI/I_RD_CHNL/axi_rid_temp20                                                                                  | zynq7000_preset_i/axi_bram_ctrl_0/U0/gext_inst.abcv4_0_ext_inst/GEN_AXI4.I_FULL_AXI/I_RD_CHNL/GEN_NO_RD_CMD_OPT.I_WRAP_BRST/SR[0]                            |                2 |             12 |         6.00 |
|  zynq7000_preset_i/processing_system7_0/inst/FCLK_CLK0 | zynq7000_preset_i/ps7_0_axi_periph/m00_couplers/auto_pc/inst/gen_axilite.gen_b2s_conv.axilite_b2s/RD.ar_channel_0/ar_cmd_fsm_0/E[0]                                                           |                                                                                                                                                              |                3 |             12 |         4.00 |
|  zynq7000_preset_i/processing_system7_0/inst/FCLK_CLK0 | zynq7000_preset_i/ps7_0_axi_periph/m00_couplers/auto_pc/inst/gen_axilite.gen_b2s_conv.axilite_b2s/RD.ar_channel_0/ar_cmd_fsm_0/FSM_sequential_state_reg[1]_3[0]                               |                                                                                                                                                              |                4 |             12 |         3.00 |
|  zynq7000_preset_i/processing_system7_0/inst/FCLK_CLK0 | zynq7000_preset_i/axi_bram_ctrl_0/U0/gext_inst.abcv4_0_ext_inst/GEN_AXI4.I_FULL_AXI/I_RD_CHNL/GEN_NO_RD_CMD_OPT.GEN_RID.axi_rid_int[11]_i_2_n_0                                               | zynq7000_preset_i/axi_bram_ctrl_0/U0/gext_inst.abcv4_0_ext_inst/GEN_AXI4.I_FULL_AXI/I_RD_CHNL/GEN_NO_RD_CMD_OPT.GEN_RID.axi_rid_int[11]_i_1_n_0              |                3 |             12 |         4.00 |
|  zynq7000_preset_i/processing_system7_0/inst/FCLK_CLK0 | zynq7000_preset_i/axi_bram_ctrl_0/U0/gext_inst.abcv4_0_ext_inst/GEN_AXI4.I_FULL_AXI/I_RD_CHNL/GEN_NO_RD_CMD_OPT.GEN_RID.axi_rid_temp[11]_i_1_n_0                                              | zynq7000_preset_i/axi_bram_ctrl_0/U0/gext_inst.abcv4_0_ext_inst/GEN_AXI4.I_FULL_AXI/I_RD_CHNL/GEN_NO_RD_CMD_OPT.I_WRAP_BRST/SR[0]                            |                4 |             12 |         3.00 |
|  zynq7000_preset_i/processing_system7_0/inst/FCLK_CLK0 | zynq7000_preset_i/axi_bram_ctrl_0/U0/gext_inst.abcv4_0_ext_inst/GEN_AXI4.I_FULL_AXI/I_WR_CHNL/BID_FIFO/CI                                                                                     |                                                                                                                                                              |                2 |             12 |         6.00 |
|  zynq7000_preset_i/processing_system7_0/inst/FCLK_CLK0 | zynq7000_preset_i/ps7_0_axi_periph/xbar/inst/gen_samd.crossbar_samd/addr_arbiter_ar/E[0]                                                                                                      | zynq7000_preset_i/ps7_0_axi_periph/xbar/inst/gen_samd.crossbar_samd/gen_slave_slots[0].gen_si_read.si_transactor_ar/gen_multi_thread.arbiter_resp_inst/SR[0] |                2 |             12 |         6.00 |
|  zynq7000_preset_i/processing_system7_0/inst/FCLK_CLK0 | zynq7000_preset_i/ps7_0_axi_periph/xbar/inst/gen_samd.crossbar_samd/gen_master_slots[1].reg_slice_mi/b.b_pipe/m_valid_i_reg_inv_0                                                             |                                                                                                                                                              |                2 |             12 |         6.00 |
|  zynq7000_preset_i/processing_system7_0/inst/FCLK_CLK0 | zynq7000_preset_i/ps7_0_axi_periph/xbar/inst/gen_samd.crossbar_samd/gen_decerr_slave.decerr_slave_inst/gen_axi.s_axi_bid_i[11]_i_1_n_0                                                        | zynq7000_preset_i/ps7_0_axi_periph/xbar/inst/gen_samd.crossbar_samd/gen_slave_slots[0].gen_si_read.si_transactor_ar/gen_multi_thread.arbiter_resp_inst/SR[0] |                4 |             12 |         3.00 |
|  zynq7000_preset_i/processing_system7_0/inst/FCLK_CLK0 | zynq7000_preset_i/ps7_0_axi_periph/m00_couplers/auto_pc/inst/gen_axilite.gen_b2s_conv.axilite_b2s/RD.r_channel_0/r_push_r                                                                     |                                                                                                                                                              |                4 |             13 |         3.25 |
|  zynq7000_preset_i/processing_system7_0/inst/FCLK_CLK0 | zynq7000_preset_i/ps7_0_axi_periph/xbar/inst/gen_samd.crossbar_samd/gen_slave_slots[0].gen_si_read.si_transactor_ar/gen_multi_thread.arbiter_resp_inst/s_axi_rready[0]_6[0]                   |                                                                                                                                                              |                5 |             13 |         2.60 |
|  zynq7000_preset_i/processing_system7_0/inst/FCLK_CLK0 | zynq7000_preset_i/ps7_0_axi_periph/xbar/inst/gen_samd.crossbar_samd/gen_master_slots[2].reg_slice_mi/r.r_pipe/s_ready_i_reg_0                                                                 |                                                                                                                                                              |                5 |             13 |         2.60 |
|  zynq7000_preset_i/processing_system7_0/inst/FCLK_CLK0 | zynq7000_preset_i/ps7_0_axi_periph/xbar/inst/gen_samd.crossbar_samd/gen_slave_slots[0].gen_si_write.si_transactor_aw/gen_multi_thread.cmd_push_6                                              | zynq7000_preset_i/ps7_0_axi_periph/xbar/inst/gen_samd.crossbar_samd/gen_slave_slots[0].gen_si_read.si_transactor_ar/gen_multi_thread.arbiter_resp_inst/SR[0] |                3 |             14 |         4.67 |
|  zynq7000_preset_i/processing_system7_0/inst/FCLK_CLK0 | zynq7000_preset_i/ps7_0_axi_periph/xbar/inst/gen_samd.crossbar_samd/gen_slave_slots[0].gen_si_read.si_transactor_ar/gen_multi_thread.cmd_push_6                                               | zynq7000_preset_i/ps7_0_axi_periph/xbar/inst/gen_samd.crossbar_samd/gen_slave_slots[0].gen_si_read.si_transactor_ar/gen_multi_thread.arbiter_resp_inst/SR[0] |                3 |             14 |         4.67 |
|  zynq7000_preset_i/processing_system7_0/inst/FCLK_CLK0 | zynq7000_preset_i/ps7_0_axi_periph/xbar/inst/gen_samd.crossbar_samd/gen_slave_slots[0].gen_si_read.si_transactor_ar/gen_multi_thread.cmd_push_7                                               | zynq7000_preset_i/ps7_0_axi_periph/xbar/inst/gen_samd.crossbar_samd/gen_slave_slots[0].gen_si_read.si_transactor_ar/gen_multi_thread.arbiter_resp_inst/SR[0] |                5 |             14 |         2.80 |
|  zynq7000_preset_i/processing_system7_0/inst/FCLK_CLK0 | zynq7000_preset_i/ps7_0_axi_periph/xbar/inst/gen_samd.crossbar_samd/gen_slave_slots[0].gen_si_read.si_transactor_ar/gen_multi_thread.cmd_push_1                                               | zynq7000_preset_i/ps7_0_axi_periph/xbar/inst/gen_samd.crossbar_samd/gen_slave_slots[0].gen_si_read.si_transactor_ar/gen_multi_thread.arbiter_resp_inst/SR[0] |                2 |             14 |         7.00 |
|  zynq7000_preset_i/processing_system7_0/inst/FCLK_CLK0 | zynq7000_preset_i/ps7_0_axi_periph/xbar/inst/gen_samd.crossbar_samd/gen_slave_slots[0].gen_si_read.si_transactor_ar/gen_multi_thread.cmd_push_5                                               | zynq7000_preset_i/ps7_0_axi_periph/xbar/inst/gen_samd.crossbar_samd/gen_slave_slots[0].gen_si_read.si_transactor_ar/gen_multi_thread.arbiter_resp_inst/SR[0] |                3 |             14 |         4.67 |
|  zynq7000_preset_i/processing_system7_0/inst/FCLK_CLK0 | zynq7000_preset_i/ps7_0_axi_periph/xbar/inst/gen_samd.crossbar_samd/gen_slave_slots[0].gen_si_read.si_transactor_ar/gen_multi_thread.cmd_push_4                                               | zynq7000_preset_i/ps7_0_axi_periph/xbar/inst/gen_samd.crossbar_samd/gen_slave_slots[0].gen_si_read.si_transactor_ar/gen_multi_thread.arbiter_resp_inst/SR[0] |                4 |             14 |         3.50 |
|  zynq7000_preset_i/processing_system7_0/inst/FCLK_CLK0 | zynq7000_preset_i/ps7_0_axi_periph/xbar/inst/gen_samd.crossbar_samd/gen_slave_slots[0].gen_si_read.si_transactor_ar/gen_multi_thread.cmd_push_2                                               | zynq7000_preset_i/ps7_0_axi_periph/xbar/inst/gen_samd.crossbar_samd/gen_slave_slots[0].gen_si_read.si_transactor_ar/gen_multi_thread.arbiter_resp_inst/SR[0] |                3 |             14 |         4.67 |
|  zynq7000_preset_i/processing_system7_0/inst/FCLK_CLK0 | zynq7000_preset_i/ps7_0_axi_periph/xbar/inst/gen_samd.crossbar_samd/gen_slave_slots[0].gen_si_read.si_transactor_ar/gen_multi_thread.cmd_push_3                                               | zynq7000_preset_i/ps7_0_axi_periph/xbar/inst/gen_samd.crossbar_samd/gen_slave_slots[0].gen_si_read.si_transactor_ar/gen_multi_thread.arbiter_resp_inst/SR[0] |                3 |             14 |         4.67 |
|  zynq7000_preset_i/processing_system7_0/inst/FCLK_CLK0 | zynq7000_preset_i/ps7_0_axi_periph/xbar/inst/gen_samd.crossbar_samd/gen_slave_slots[0].gen_si_write.si_transactor_aw/gen_multi_thread.cmd_push_7                                              | zynq7000_preset_i/ps7_0_axi_periph/xbar/inst/gen_samd.crossbar_samd/gen_slave_slots[0].gen_si_read.si_transactor_ar/gen_multi_thread.arbiter_resp_inst/SR[0] |                4 |             14 |         3.50 |
|  zynq7000_preset_i/processing_system7_0/inst/FCLK_CLK0 | zynq7000_preset_i/ps7_0_axi_periph/xbar/inst/gen_samd.crossbar_samd/gen_slave_slots[0].gen_si_write.si_transactor_aw/gen_multi_thread.cmd_push_2                                              | zynq7000_preset_i/ps7_0_axi_periph/xbar/inst/gen_samd.crossbar_samd/gen_slave_slots[0].gen_si_read.si_transactor_ar/gen_multi_thread.arbiter_resp_inst/SR[0] |                3 |             14 |         4.67 |
|  zynq7000_preset_i/processing_system7_0/inst/FCLK_CLK0 | zynq7000_preset_i/ps7_0_axi_periph/xbar/inst/gen_samd.crossbar_samd/gen_slave_slots[0].gen_si_write.si_transactor_aw/gen_multi_thread.cmd_push_3                                              | zynq7000_preset_i/ps7_0_axi_periph/xbar/inst/gen_samd.crossbar_samd/gen_slave_slots[0].gen_si_read.si_transactor_ar/gen_multi_thread.arbiter_resp_inst/SR[0] |                4 |             14 |         3.50 |
|  zynq7000_preset_i/processing_system7_0/inst/FCLK_CLK0 | zynq7000_preset_i/ps7_0_axi_periph/xbar/inst/gen_samd.crossbar_samd/gen_master_slots[0].reg_slice_mi/b.b_pipe/E[0]                                                                            |                                                                                                                                                              |                4 |             14 |         3.50 |
|  zynq7000_preset_i/processing_system7_0/inst/FCLK_CLK0 | zynq7000_preset_i/ps7_0_axi_periph/xbar/inst/gen_samd.crossbar_samd/gen_slave_slots[0].gen_si_read.si_transactor_ar/gen_multi_thread.cmd_push_0                                               | zynq7000_preset_i/ps7_0_axi_periph/xbar/inst/gen_samd.crossbar_samd/gen_slave_slots[0].gen_si_read.si_transactor_ar/gen_multi_thread.arbiter_resp_inst/SR[0] |                3 |             14 |         4.67 |
|  zynq7000_preset_i/processing_system7_0/inst/FCLK_CLK0 | zynq7000_preset_i/ps7_0_axi_periph/m00_couplers/auto_pc/inst/gen_axilite.gen_b2s_conv.axilite_b2s/SI_REG/b.b_pipe/p_1_in                                                                      |                                                                                                                                                              |                3 |             14 |         4.67 |
|  zynq7000_preset_i/processing_system7_0/inst/FCLK_CLK0 | zynq7000_preset_i/ps7_0_axi_periph/xbar/inst/gen_samd.crossbar_samd/gen_slave_slots[0].gen_si_write.si_transactor_aw/gen_multi_thread.cmd_push_0                                              | zynq7000_preset_i/ps7_0_axi_periph/xbar/inst/gen_samd.crossbar_samd/gen_slave_slots[0].gen_si_read.si_transactor_ar/gen_multi_thread.arbiter_resp_inst/SR[0] |                5 |             14 |         2.80 |
|  zynq7000_preset_i/processing_system7_0/inst/FCLK_CLK0 | zynq7000_preset_i/ps7_0_axi_periph/m00_couplers/auto_pc/inst/gen_axilite.gen_b2s_conv.axilite_b2s/SI_REG/b.b_pipe/s_ready_i_reg_0                                                             |                                                                                                                                                              |                3 |             14 |         4.67 |
|  zynq7000_preset_i/processing_system7_0/inst/FCLK_CLK0 | zynq7000_preset_i/ps7_0_axi_periph/xbar/inst/gen_samd.crossbar_samd/gen_slave_slots[0].gen_si_write.si_transactor_aw/gen_multi_thread.cmd_push_4                                              | zynq7000_preset_i/ps7_0_axi_periph/xbar/inst/gen_samd.crossbar_samd/gen_slave_slots[0].gen_si_read.si_transactor_ar/gen_multi_thread.arbiter_resp_inst/SR[0] |                3 |             14 |         4.67 |
|  zynq7000_preset_i/processing_system7_0/inst/FCLK_CLK0 | zynq7000_preset_i/ps7_0_axi_periph/xbar/inst/gen_samd.crossbar_samd/gen_slave_slots[0].gen_si_write.si_transactor_aw/gen_multi_thread.cmd_push_1                                              | zynq7000_preset_i/ps7_0_axi_periph/xbar/inst/gen_samd.crossbar_samd/gen_slave_slots[0].gen_si_read.si_transactor_ar/gen_multi_thread.arbiter_resp_inst/SR[0] |                4 |             14 |         3.50 |
|  zynq7000_preset_i/processing_system7_0/inst/FCLK_CLK0 | zynq7000_preset_i/axi_bram_ctrl_0/U0/gext_inst.abcv4_0_ext_inst/GEN_AXI4.I_FULL_AXI/I_WR_CHNL/I_WRAP_BRST/bram_addr_ld_en                                                                     | zynq7000_preset_i/axi_bram_ctrl_0/U0/gext_inst.abcv4_0_ext_inst/GEN_AXI4.I_FULL_AXI/I_RD_CHNL/GEN_NO_RD_CMD_OPT.I_WRAP_BRST/SR[0]                            |                8 |             14 |         1.75 |
|  zynq7000_preset_i/processing_system7_0/inst/FCLK_CLK0 | zynq7000_preset_i/ps7_0_axi_periph/xbar/inst/gen_samd.crossbar_samd/gen_slave_slots[0].gen_si_write.si_transactor_aw/gen_multi_thread.cmd_push_5                                              | zynq7000_preset_i/ps7_0_axi_periph/xbar/inst/gen_samd.crossbar_samd/gen_slave_slots[0].gen_si_read.si_transactor_ar/gen_multi_thread.arbiter_resp_inst/SR[0] |                3 |             14 |         4.67 |
|  zynq7000_preset_i/processing_system7_0/inst/FCLK_CLK0 | zynq7000_preset_i/axi_bram_ctrl_0/U0/gext_inst.abcv4_0_ext_inst/GEN_AXI4.I_FULL_AXI/I_RD_CHNL/GEN_NO_RD_CMD_OPT.I_WRAP_BRST/bram_addr_ld_en                                                   | zynq7000_preset_i/axi_bram_ctrl_0/U0/gext_inst.abcv4_0_ext_inst/GEN_AXI4.I_FULL_AXI/I_RD_CHNL/GEN_NO_RD_CMD_OPT.I_WRAP_BRST/SR[0]                            |                7 |             15 |         2.14 |
|  zynq7000_preset_i/processing_system7_0/inst/FCLK_CLK0 | zynq7000_preset_i/ps7_0_axi_periph/m00_couplers/auto_pc/inst/gen_axilite.gen_b2s_conv.axilite_b2s/WR.aw_channel_0/aw_cmd_fsm_0/b_push                                                         |                                                                                                                                                              |                3 |             16 |         5.33 |
|  zynq7000_preset_i/processing_system7_0/inst/FCLK_CLK0 |                                                                                                                                                                                               | zynq7000_preset_i/axi_gpio_0/U0/AXI_LITE_IPIF_I/I_SLAVE_ATTACHMENT/SR[0]                                                                                     |                6 |             20 |         3.33 |
|  zynq7000_preset_i/processing_system7_0/inst/FCLK_CLK0 | zynq7000_preset_i/ps7_0_axi_periph/m00_couplers/auto_pc/inst/gen_axilite.gen_b2s_conv.axilite_b2s/RD.ar_channel_0/ar_cmd_fsm_0/m_axi_arready_0[0]                                             |                                                                                                                                                              |               11 |             26 |         2.36 |
|  zynq7000_preset_i/processing_system7_0/inst/FCLK_CLK0 | zynq7000_preset_i/ps7_0_axi_periph/m00_couplers/auto_pc/inst/gen_axilite.gen_b2s_conv.axilite_b2s/WR.aw_channel_0/aw_cmd_fsm_0/m_axi_awready_0[0]                                             |                                                                                                                                                              |                9 |             26 |         2.89 |
|  zynq7000_preset_i/processing_system7_0/inst/FCLK_CLK0 |                                                                                                                                                                                               | zynq7000_preset_i/ps7_0_axi_periph/xbar/inst/gen_samd.crossbar_samd/gen_slave_slots[0].gen_si_read.si_transactor_ar/gen_multi_thread.arbiter_resp_inst/SR[0] |               12 |             28 |         2.33 |
|  zynq7000_preset_i/processing_system7_0/inst/FCLK_CLK0 | zynq7000_preset_i/axi_bram_ctrl_0/U0/gext_inst.abcv4_0_ext_inst/GEN_AXI4.I_FULL_AXI/I_WR_CHNL/GEN_AW_PIPE_DUAL.axi_awlen_pipe[7]_i_1_n_0                                                      |                                                                                                                                                              |                7 |             31 |         4.43 |
|  zynq7000_preset_i/processing_system7_0/inst/FCLK_CLK0 | zynq7000_preset_i/axi_bram_ctrl_0/U0/gext_inst.abcv4_0_ext_inst/GEN_AXI4.I_FULL_AXI/I_RD_CHNL/araddr_pipe_ld49_out                                                                            |                                                                                                                                                              |               10 |             31 |         3.10 |
|  zynq7000_preset_i/processing_system7_0/inst/FCLK_CLK0 | zynq7000_preset_i/axi_bram_ctrl_0/U0/gext_inst.abcv4_0_ext_inst/GEN_AXI4.I_FULL_AXI/I_RD_CHNL/axi_rdata_en                                                                                    | zynq7000_preset_i/axi_bram_ctrl_0/U0/gext_inst.abcv4_0_ext_inst/GEN_AXI4.I_FULL_AXI/I_RD_CHNL/GEN_NO_RD_CMD_OPT.GEN_RID.axi_rid_int[11]_i_1_n_0              |                5 |             32 |         6.40 |
|  zynq7000_preset_i/processing_system7_0/inst/FCLK_CLK0 | zynq7000_preset_i/ps7_0_axi_periph/m00_couplers/auto_pc/inst/gen_axilite.gen_b2s_conv.axilite_b2s/SI_REG/ar.ar_pipe/s_ready_i_reg_0                                                           |                                                                                                                                                              |                9 |             32 |         3.56 |
|  zynq7000_preset_i/processing_system7_0/inst/FCLK_CLK0 | zynq7000_preset_i/ps7_0_axi_periph/m00_couplers/auto_pc/inst/gen_axilite.gen_b2s_conv.axilite_b2s/RD.r_channel_0/rd_data_fifo_0/wr_en0                                                        |                                                                                                                                                              |                9 |             32 |         3.56 |
|  zynq7000_preset_i/processing_system7_0/inst/FCLK_CLK0 | zynq7000_preset_i/axi_bram_ctrl_0/U0/gext_inst.abcv4_0_ext_inst/GEN_AXI4.I_FULL_AXI/I_WR_CHNL/wrdata_reg_ld                                                                                   |                                                                                                                                                              |                8 |             32 |         4.00 |
|  zynq7000_preset_i/processing_system7_0/inst/FCLK_CLK0 | zynq7000_preset_i/axi_bram_ctrl_0/U0/gext_inst.abcv4_0_ext_inst/GEN_AXI4.I_FULL_AXI/I_RD_CHNL/rd_skid_buf_ld                                                                                  | zynq7000_preset_i/axi_bram_ctrl_0/U0/gext_inst.abcv4_0_ext_inst/GEN_AXI4.I_FULL_AXI/I_RD_CHNL/GEN_NO_RD_CMD_OPT.I_WRAP_BRST/SR[0]                            |                7 |             32 |         4.57 |
|  zynq7000_preset_i/processing_system7_0/inst/FCLK_CLK0 | zynq7000_preset_i/ps7_0_axi_periph/m00_couplers/auto_pc/inst/gen_axilite.gen_b2s_conv.axilite_b2s/WR.aw_channel_0/aw_cmd_fsm_0/m_valid_i_reg[0]                                               |                                                                                                                                                              |                7 |             32 |         4.57 |
|  zynq7000_preset_i/processing_system7_0/inst/FCLK_CLK0 | zynq7000_preset_i/ps7_0_axi_periph/m00_couplers/auto_pc/inst/gen_axilite.gen_b2s_conv.axilite_b2s/SI_REG/aw.aw_pipe/s_ready_i_reg_0                                                           |                                                                                                                                                              |                8 |             32 |         4.00 |
|  zynq7000_preset_i/processing_system7_0/inst/FCLK_CLK0 | zynq7000_preset_i/ps7_0_axi_periph/m00_couplers/auto_pc/inst/gen_axilite.gen_b2s_conv.axilite_b2s/RD.ar_channel_0/ar_cmd_fsm_0/FSM_sequential_state_reg[1]_4[0]                               |                                                                                                                                                              |                7 |             32 |         4.57 |
|  zynq7000_preset_i/processing_system7_0/inst/FCLK_CLK0 | zynq7000_preset_i/ps7_0_axi_periph/xbar/inst/gen_samd.crossbar_samd/addr_arbiter_ar/p_1_in                                                                                                    | zynq7000_preset_i/ps7_0_axi_periph/xbar/inst/gen_samd.crossbar_samd/gen_slave_slots[0].gen_si_read.si_transactor_ar/gen_multi_thread.arbiter_resp_inst/SR[0] |               10 |             33 |         3.30 |
|  zynq7000_preset_i/processing_system7_0/inst/FCLK_CLK0 | zynq7000_preset_i/ps7_0_axi_periph/xbar/inst/gen_samd.crossbar_samd/addr_arbiter_aw/p_1_in                                                                                                    | zynq7000_preset_i/ps7_0_axi_periph/xbar/inst/gen_samd.crossbar_samd/gen_slave_slots[0].gen_si_read.si_transactor_ar/gen_multi_thread.arbiter_resp_inst/SR[0] |               10 |             33 |         3.30 |
|  zynq7000_preset_i/processing_system7_0/inst/FCLK_CLK0 |                                                                                                                                                                                               | zynq7000_preset_i/axi_bram_ctrl_0/U0/gext_inst.abcv4_0_ext_inst/GEN_AXI4.I_FULL_AXI/I_RD_CHNL/GEN_NO_RD_CMD_OPT.I_WRAP_BRST/SR[0]                            |               24 |             33 |         1.38 |
|  zynq7000_preset_i/processing_system7_0/inst/FCLK_CLK0 | zynq7000_preset_i/ps7_0_axi_periph/xbar/inst/gen_samd.crossbar_samd/gen_slave_slots[0].gen_si_read.si_transactor_ar/gen_multi_thread.arbiter_resp_inst/chosen_reg[1]_0[0]                     |                                                                                                                                                              |               10 |             45 |         4.50 |
|  zynq7000_preset_i/processing_system7_0/inst/FCLK_CLK0 | zynq7000_preset_i/ps7_0_axi_periph/xbar/inst/gen_samd.crossbar_samd/gen_master_slots[0].reg_slice_mi/r.r_pipe/s_ready_i_reg_0                                                                 |                                                                                                                                                              |               13 |             45 |         3.46 |
|  zynq7000_preset_i/processing_system7_0/inst/FCLK_CLK0 | zynq7000_preset_i/ps7_0_axi_periph/xbar/inst/gen_samd.crossbar_samd/gen_master_slots[0].reg_slice_mi/r.r_pipe/p_1_in_0                                                                        |                                                                                                                                                              |               17 |             45 |         2.65 |
|  zynq7000_preset_i/processing_system7_0/inst/FCLK_CLK0 | zynq7000_preset_i/ps7_0_axi_periph/m00_couplers/auto_pc/inst/gen_axilite.gen_b2s_conv.axilite_b2s/SI_REG/r.r_pipe/s_ready_i_reg_0                                                             |                                                                                                                                                              |                9 |             45 |         5.00 |
|  zynq7000_preset_i/processing_system7_0/inst/FCLK_CLK0 | zynq7000_preset_i/ps7_0_axi_periph/m00_couplers/auto_pc/inst/gen_axilite.gen_b2s_conv.axilite_b2s/SI_REG/r.r_pipe/p_1_in                                                                      |                                                                                                                                                              |                9 |             45 |         5.00 |
|  zynq7000_preset_i/processing_system7_0/inst/FCLK_CLK0 | zynq7000_preset_i/ps7_0_axi_periph/xbar/inst/gen_samd.crossbar_samd/gen_master_slots[1].reg_slice_mi/r.r_pipe/s_ready_i_reg_0                                                                 |                                                                                                                                                              |               11 |             45 |         4.09 |
|  zynq7000_preset_i/processing_system7_0/inst/FCLK_CLK0 |                                                                                                                                                                                               |                                                                                                                                                              |               65 |            171 |         2.63 |
+--------------------------------------------------------+-----------------------------------------------------------------------------------------------------------------------------------------------------------------------------------------------+--------------------------------------------------------------------------------------------------------------------------------------------------------------+------------------+----------------+--------------+


