
*** Running vivado
    with args -log zynq7000_preset_auto_pc_1.vds -m64 -product Vivado -mode batch -messageDb vivado.pb -notrace -source zynq7000_preset_auto_pc_1.tcl


****** Vivado v2024.1 (64-bit)
  **** SW Build 5076996 on Wed May 22 18:36:09 MDT 2024
  **** IP Build 5075265 on Wed May 22 21:45:21 MDT 2024
  **** SharedData Build 5076995 on Wed May 22 18:29:18 MDT 2024
  **** Start of session at: Fri Nov 29 18:26:58 2024
    ** Copyright 1986-2022 Xilinx, Inc. All Rights Reserved.
    ** Copyright 2022-2024 Advanced Micro Devices, Inc. All Rights Reserved.

source zynq7000_preset_auto_pc_1.tcl -notrace
create_project: Time (s): cpu = 00:00:07 ; elapsed = 00:00:07 . Memory (MB): peak = 1446.238 ; gain = 9.934 ; free physical = 3770 ; free virtual = 9582
INFO: [IP_Flow 19-6924] IPCACHE: Running cache check for IP inst: zynq7000_preset_auto_pc_1
INFO: [IP_Flow 19-6922] IPCACHE: Exporting cached entry 52d4e4110a553770 to dir: /home/jayakrushnan/code_base/mybase/Zync_vivado_project/Zync_vivado_project.runs/zynq7000_preset_auto_pc_1_synth_1
INFO: [IP_Flow 19-6928] IPCACHE: copied cached file /home/jayakrushnan/code_base/mybase/Zync_vivado_project/Zync_vivado_project.cache/ip/2024.1/5/2/52d4e4110a553770/zynq7000_preset_auto_pc_1_sim_netlist.v to /home/jayakrushnan/code_base/mybase/Zync_vivado_project/Zync_vivado_project.runs/zynq7000_preset_auto_pc_1_synth_1/zynq7000_preset_auto_pc_1_sim_netlist.v.
INFO: [IP_Flow 19-6928] IPCACHE: copied cached file /home/jayakrushnan/code_base/mybase/Zync_vivado_project/Zync_vivado_project.cache/ip/2024.1/5/2/52d4e4110a553770/zynq7000_preset_auto_pc_1_sim_netlist.vhdl to /home/jayakrushnan/code_base/mybase/Zync_vivado_project/Zync_vivado_project.runs/zynq7000_preset_auto_pc_1_synth_1/zynq7000_preset_auto_pc_1_sim_netlist.vhdl.
INFO: [IP_Flow 19-6928] IPCACHE: copied cached file /home/jayakrushnan/code_base/mybase/Zync_vivado_project/Zync_vivado_project.cache/ip/2024.1/5/2/52d4e4110a553770/zynq7000_preset_auto_pc_1.dcp to /home/jayakrushnan/code_base/mybase/Zync_vivado_project/Zync_vivado_project.runs/zynq7000_preset_auto_pc_1_synth_1/zynq7000_preset_auto_pc_1.dcp.
INFO: [IP_Flow 19-6928] IPCACHE: copied cached file /home/jayakrushnan/code_base/mybase/Zync_vivado_project/Zync_vivado_project.cache/ip/2024.1/5/2/52d4e4110a553770/zynq7000_preset_auto_pc_1_stub.v to /home/jayakrushnan/code_base/mybase/Zync_vivado_project/Zync_vivado_project.runs/zynq7000_preset_auto_pc_1_synth_1/zynq7000_preset_auto_pc_1_stub.v.
INFO: [IP_Flow 19-6928] IPCACHE: copied cached file /home/jayakrushnan/code_base/mybase/Zync_vivado_project/Zync_vivado_project.cache/ip/2024.1/5/2/52d4e4110a553770/zynq7000_preset_auto_pc_1_stub.vhdl to /home/jayakrushnan/code_base/mybase/Zync_vivado_project/Zync_vivado_project.runs/zynq7000_preset_auto_pc_1_synth_1/zynq7000_preset_auto_pc_1_stub.vhdl.
INFO: [IP_Flow 19-4838] Using cached IP synthesis design for IP zynq7000_preset_auto_pc_1, cache-ID = 52d4e4110a553770.
INFO: [Common 17-206] Exiting Vivado at Fri Nov 29 18:27:09 2024...
