
*** Running vivado
    with args -log zynq7000_preset_axi_gpio_0_0.vds -m64 -product Vivado -mode batch -messageDb vivado.pb -notrace -source zynq7000_preset_axi_gpio_0_0.tcl


****** Vivado v2024.1 (64-bit)
  **** SW Build 5076996 on Wed May 22 18:36:09 MDT 2024
  **** IP Build 5075265 on Wed May 22 21:45:21 MDT 2024
  **** SharedData Build 5076995 on Wed May 22 18:29:18 MDT 2024
  **** Start of session at: Fri Nov 29 18:26:40 2024
    ** Copyright 1986-2022 Xilinx, Inc. All Rights Reserved.
    ** Copyright 2022-2024 Advanced Micro Devices, Inc. All Rights Reserved.

source zynq7000_preset_axi_gpio_0_0.tcl -notrace
create_project: Time (s): cpu = 00:00:09 ; elapsed = 00:00:09 . Memory (MB): peak = 1446.094 ; gain = 23.840 ; free physical = 3470 ; free virtual = 9290
INFO: [IP_Flow 19-6924] IPCACHE: Running cache check for IP inst: zynq7000_preset_axi_gpio_0_0
INFO: [IP_Flow 19-6922] IPCACHE: Exporting cached entry 51047a579706d3bb to dir: /home/jayakrushnan/code_base/mybase/Zync_vivado_project/Zync_vivado_project.runs/zynq7000_preset_axi_gpio_0_0_synth_1
INFO: [IP_Flow 19-6928] IPCACHE: copied cached file /home/jayakrushnan/code_base/mybase/Zync_vivado_project/Zync_vivado_project.cache/ip/2024.1/5/1/51047a579706d3bb/zynq7000_preset_axi_gpio_0_0_stub.v to /home/jayakrushnan/code_base/mybase/Zync_vivado_project/Zync_vivado_project.runs/zynq7000_preset_axi_gpio_0_0_synth_1/zynq7000_preset_axi_gpio_0_0_stub.v.
INFO: [IP_Flow 19-6928] IPCACHE: copied cached file /home/jayakrushnan/code_base/mybase/Zync_vivado_project/Zync_vivado_project.cache/ip/2024.1/5/1/51047a579706d3bb/zynq7000_preset_axi_gpio_0_0_stub.vhdl to /home/jayakrushnan/code_base/mybase/Zync_vivado_project/Zync_vivado_project.runs/zynq7000_preset_axi_gpio_0_0_synth_1/zynq7000_preset_axi_gpio_0_0_stub.vhdl.
INFO: [IP_Flow 19-6928] IPCACHE: copied cached file /home/jayakrushnan/code_base/mybase/Zync_vivado_project/Zync_vivado_project.cache/ip/2024.1/5/1/51047a579706d3bb/zynq7000_preset_axi_gpio_0_0.dcp to /home/jayakrushnan/code_base/mybase/Zync_vivado_project/Zync_vivado_project.runs/zynq7000_preset_axi_gpio_0_0_synth_1/zynq7000_preset_axi_gpio_0_0.dcp.
INFO: [IP_Flow 19-6928] IPCACHE: copied cached file /home/jayakrushnan/code_base/mybase/Zync_vivado_project/Zync_vivado_project.cache/ip/2024.1/5/1/51047a579706d3bb/zynq7000_preset_axi_gpio_0_0_sim_netlist.vhdl to /home/jayakrushnan/code_base/mybase/Zync_vivado_project/Zync_vivado_project.runs/zynq7000_preset_axi_gpio_0_0_synth_1/zynq7000_preset_axi_gpio_0_0_sim_netlist.vhdl.
INFO: [IP_Flow 19-6928] IPCACHE: copied cached file /home/jayakrushnan/code_base/mybase/Zync_vivado_project/Zync_vivado_project.cache/ip/2024.1/5/1/51047a579706d3bb/zynq7000_preset_axi_gpio_0_0_sim_netlist.v to /home/jayakrushnan/code_base/mybase/Zync_vivado_project/Zync_vivado_project.runs/zynq7000_preset_axi_gpio_0_0_synth_1/zynq7000_preset_axi_gpio_0_0_sim_netlist.v.
INFO: [IP_Flow 19-4838] Using cached IP synthesis design for IP zynq7000_preset_axi_gpio_0_0, cache-ID = 51047a579706d3bb.
INFO: [Common 17-206] Exiting Vivado at Fri Nov 29 18:26:54 2024...
